<?xml version="1.0" encoding="UTF-8"?>
<!-- Generated by org.testng.reporters.JUnitReportReporter -->
<testsuite hostname="EC2AMAZ-S11DBRH" failures="0" tests="3" name="testScripts.ExternalFileTest" time="15.532" errors="0" timestamp="2024-04-30T06:39:12 GMT" skipped="0">
  <testcase classname="testScripts.ExternalFileTest" name="ValidLogin" time="4.682"/>
  <system-out/>
  <testcase classname="testScripts.ExternalFileTest" name="ValidLogin" time="5.078"/>
  <system-out/>
  <testcase classname="testScripts.ExternalFileTest" name="ValidLogin" time="5.772"/>
  <system-out/>
</testsuite> <!-- testScripts.ExternalFileTest -->
