<?xml version="1.0" encoding="UTF-8"?>
<!-- Generated by org.testng.reporters.JUnitReportReporter -->
<testsuite hostname="EC2AMAZ-S11DBRH" failures="0" tests="3" name="parallelScripts.SampleTwo" time="0.019" errors="0" timestamp="2024-04-26T07:10:20 GMT" skipped="0">
  <testcase classname="parallelScripts.SampleTwo" name="testOne" time="0.009"/>
  <system-out/>
  <testcase classname="parallelScripts.SampleTwo" name="testThree" time="0.003"/>
  <system-out/>
  <testcase classname="parallelScripts.SampleTwo" name="testTwo" time="0.007"/>
  <system-out/>
</testsuite> <!-- parallelScripts.SampleTwo -->
