<?xml version="1.0" encoding="UTF-8"?>
<!-- Generated by org.testng.reporters.JUnitReportReporter -->
<testsuite hostname="EC2AMAZ-S11DBRH" failures="0" tests="3" name="parallelScripts.SampleOne" time="0.036" errors="0" timestamp="2024-04-26T07:10:20 GMT" skipped="0">
  <testcase classname="parallelScripts.SampleOne" name="testTwo" time="0.012"/>
  <system-out/>
  <testcase classname="parallelScripts.SampleOne" name="testThree" time="0.012"/>
  <system-out/>
  <testcase classname="parallelScripts.SampleOne" name="testOne" time="0.012"/>
  <system-out/>
</testsuite> <!-- parallelScripts.SampleOne -->
