<?xml version="1.0" encoding="UTF-8"?>
<!-- Generated by org.testng.reporters.JUnitReportReporter -->
<testsuite hostname="EC2AMAZ-S11DBRH" failures="0" tests="1" name="testScripts.LoginPage" time="4.842" errors="0" timestamp="2024-04-26T04:44:38 GMT" skipped="0">
  <testcase classname="testScripts.LoginPage" name="validLogin" time="4.842"/>
  <system-out/>
</testsuite> <!-- testScripts.LoginPage -->
