<?xml version="1.0" encoding="UTF-8"?>
<!-- Generated by org.testng.reporters.JUnitReportReporter -->
<testsuite hostname="EC2AMAZ-S11DBRH" failures="0" tests="8" name="parallelScripts.SampleOne" time="0.064" errors="0" timestamp="2024-04-29T03:49:24 GMT" skipped="0">
  <testcase classname="parallelScripts.SampleOne" name="testThree" time="0.008"/>
  <system-out/>
  <testcase classname="parallelScripts.SampleOne" name="testTwo" time="0.002"/>
  <system-out/>
  <testcase classname="parallelScripts.SampleOne" name="testOne" time="0.012"/>
  <system-out/>
  <testcase classname="parallelScripts.SampleOne" name="testThree" time="0.009"/>
  <system-out/>
  <testcase classname="parallelScripts.SampleOne" name="testThree" time="0.016"/>
  <system-out/>
  <testcase classname="parallelScripts.SampleOne" name="testThree" time="0.005"/>
  <system-out/>
  <testcase classname="parallelScripts.SampleOne" name="testThree" time="0.003"/>
  <system-out/>
  <testcase classname="parallelScripts.SampleOne" name="testThree" time="0.009"/>
  <system-out/>
</testsuite> <!-- parallelScripts.SampleOne -->
