<?xml version="1.0" encoding="UTF-8"?>
<!-- Generated by org.testng.reporters.JUnitReportReporter -->
<testsuite hostname="EC2AMAZ-S11DBRH" failures="0" tests="3" name="parallelScripts.SampleThree" time="0.021" errors="0" timestamp="2024-04-26T07:20:51 GMT" skipped="0">
  <testcase classname="parallelScripts.SampleThree" name="testTwo" time="0.005"/>
  <system-out/>
  <testcase classname="parallelScripts.SampleThree" name="testOne" time="0.011"/>
  <system-out/>
  <testcase classname="parallelScripts.SampleThree" name="testThree" time="0.005"/>
  <system-out/>
</testsuite> <!-- parallelScripts.SampleThree -->
