<?xml version="1.0" encoding="UTF-8"?>
<!-- Generated by org.testng.reporters.JUnitReportReporter -->
<testsuite hostname="EC2AMAZ-S11DBRH" failures="0" tests="1" name="testScripts.CDPTest" time="5.559" errors="0" timestamp="2024-05-02T05:35:26 GMT" skipped="0">
  <testcase classname="testScripts.CDPTest" name="captureConsoleLogTest" time="5.559"/>
  <system-out/>
</testsuite> <!-- testScripts.CDPTest -->
