<?xml version="1.0" encoding="UTF-8"?>
<!-- Generated by org.testng.reporters.JUnitReportReporter -->
<testsuite hostname="EC2AMAZ-S11DBRH" failures="0" tests="3" name="testScripts.SampleTwoTest" time="0.016" errors="0" timestamp="2024-04-26T06:41:00 GMT" skipped="0">
  <testcase classname="testScripts.SampleTwoTest" name="testThree" time="0.003"/>
  <system-out/>
  <testcase classname="testScripts.SampleTwoTest" name="testOne" time="0.010"/>
  <system-out/>
  <testcase classname="testScripts.SampleTwoTest" name="testTwo" time="0.003"/>
  <system-out/>
</testsuite> <!-- testScripts.SampleTwoTest -->
